<?xml version="1.0" encoding="UTF-8"?>
<beans:beans xmlns="http://www.springframework.org/schema/mvc"
	xmlns:xsi="http://www.w3.org/2001/XMLSchema-instance" xmlns:beans="http://www.springframework.org/schema/beans"
	xmlns:context="http://www.springframework.org/schema/context"
	xmlns:mvc="http://www.springframework.org/schema/mvc" 
	xmlns:tx="http://www.springframework.org/schema/tx"
	xsi:schemaLocation="http://www.springframework.org/schema/mvc 
						http://www.springframework.org/schema/mvc/spring-mvc.xsd
						http://www.springframework.org/schema/beans 
						http://www.springframework.org/schema/beans/spring-beans.xsd
						http://www.springframework.org/schema/context 
						http://www.springframework.org/schema/context/spring-context.xsd
						http://www.springframework.org/schema/tx 
						http://www.springframework.org/schema/tx/spring-tx-3.0.xsd
		">

	<!-- DispatcherServlet Context: defines this servlet's request-processing 
		infrastructure -->

<!-- 	<beans:import resource="classpath:spring-config/scheduler-context.xml" /> -->

	<!-- Enables the Spring MVC @Controller programming model -->
	<mvc:annotation-driven/>
	<tx:annotation-driven />
	<!-- Handles HTTP GET requests for /resources/** by efficiently serving 
		up static resources in the ${webappRoot}/resources directory -->
	<resources mapping="/resources/**" location="/resources/" />
	<context:property-placeholder location="classpath:application.properties" />

	<!-- Resolves views selected for rendering by @Controllers to .jsp resources 
		in the /WEB-INF/views directory -->

	<beans:bean	class="org.springframework.web.servlet.view.InternalResourceViewResolver" >
		<beans:property name="viewClass" value="org.springframework.web.servlet.view.JstlView"/>
		<beans:property name="prefix" value="/WEB-INF/views/" />
		<beans:property name="suffix" value=".jsp" />		
	</beans:bean>
	

	<context:component-scan base-package="com.cakec.fos" />

	<resources mapping="/css/**" location="/css/" />
	<resources mapping="/static/**" location="/static/" />
	<resources mapping="/js/**" location="/js/" />
	<resources mapping="/images/**" location="/images/" />

 
 	 <beans:bean id="dataSource"
		class="org.springframework.jdbc.datasource.DriverManagerDataSource">
		<beans:property name="driverClassName" value="${database.driver}" />
		<beans:property name="url" value="${database.url}" />
		<beans:property name="username" value="${database.user}" />
		<beans:property name="password" value="${database.password}" />  
	</beans:bean>



	
	<beans:bean id="sessionFactory"
		class="org.springframework.orm.hibernate4.LocalSessionFactoryBean">
		<beans:property name="dataSource" ref="dataSource" />
		<beans:property name="packagesToScan" value="com.cakec.fos" />
		<beans:property name="hibernateProperties">
			<beans:props>
				<beans:prop key="hibernate.dialect">${hibernate.dialect}</beans:prop>
				<beans:prop key="hibernate.show_sql">${hibernate.show_sql}</beans:prop>
				<beans:prop key="hibernate.current_session_context_class ">thread</beans:prop>
			</beans:props>
		</beans:property>
	</beans:bean>

	<beans:bean id="transactionManager"
		class="org.springframework.orm.hibernate4.HibernateTransactionManager">
		<beans:property name="sessionFactory" ref="sessionFactory" />
	</beans:bean>

	<beans:bean id="persistenceExceptionTranslationPostProcessor"
		class="org.springframework.dao.annotation.PersistenceExceptionTranslationPostProcessor" />
<!-- 
	<mvc:interceptors>
		<mvc:interceptor>
		    <mapping path="/**"/>
		    <exclude-mapping path="/saml/**"/>
		    <exclude-mapping path="/home/**"/>
		    <exclude-mapping path="/index/**"/>
		    <exclude-mapping path="/static/samlSimulator.html"/>
		    <exclude-mapping path="/css/moneyMovement.css"/>
			<exclude-mapping path="/js/jquery.min.js"/>
			<exclude-mapping path="/js/main.js"/>
			<exclude-mapping path="/css/jquery-ui.css"/>
			<exclude-mapping path="/js/jquery.min.js"/>
			<exclude-mapping path="/images/logo.png"/>
			<exclude-mapping path="/images/btn-bg.gif"/>
		    <beans:bean class="com.cakec.fos.interceptor.SessionInterceptor" />
		</mvc:interceptor> -->
		<!--  <mvc:interceptor>
		 		<mapping path="/**"/>
                <beans:bean id="localeChangeInterceptor" class="org.springframework.web.servlet.i18n.LocaleChangeInterceptor">
        			<beans:property name="paramName" value="lang" />
    			</beans:bean>
           </mvc:interceptor> 
	</mvc:interceptors>  -->
	
	<beans:bean id="messageSource"
		  class="org.springframework.context.support.ReloadableResourceBundleMessageSource">
		  <beans:property name="basenames">
            <beans:list>
                <beans:value>classpath:messages/messageLabels</beans:value>
                <beans:value>classpath:messages/messages</beans:value>
            </beans:list>
        </beans:property>
		<beans:property name="defaultEncoding" value="UTF-8"/>
	</beans:bean>
	
	<beans:bean id="localeResolver" class="org.springframework.web.servlet.i18n.SessionLocaleResolver">
        <beans:property name="defaultLocale" value="en" />
    </beans:bean>
  
    

</beans:beans>

